TN:
SF:src\api\client.js
FNF:0
FNH:0
DA:1,1
DA:2,1
DA:3,1
DA:4,1
DA:5,1
DA:6,2
DA:7,2
DA:8,2
DA:9,2
DA:10,1
DA:11,1
DA:12,1
DA:13,1
DA:14,2
DA:15,1
DA:16,1
DA:17,1
DA:18,2
DA:19,2
DA:20,1
DA:21,1
DA:22,1
LF:22
LH:22
BRDA:5,0,0,2
BRDA:7,1,0,1
BRDA:12,2,0,1
BRDA:13,3,0,2
BRDA:14,4,0,1
BRF:5
BRH:5
end_of_record
TN:
SF:src\components\ClassTabs.vue
FN:59,selectAll
FN:60,selectClass
FN:61,selectTraining
FN:65,onTabKeydown
FN:22,onClick
FNF:5
FNH:5
FNDA:1,selectAll
FNDA:1,selectClass
FNDA:1,selectTraining
FNDA:5,onTabKeydown
FNDA:1,onClick
DA:1,1
DA:2,1
DA:3,1
DA:4,1
DA:5,1
DA:6,1
DA:7,1
DA:8,1
DA:9,1
DA:10,1
DA:11,1
DA:12,1
DA:13,1
DA:14,1
DA:15,1
DA:16,1
DA:17,1
DA:18,1
DA:19,1
DA:20,1
DA:21,1
DA:22,1
DA:23,1
DA:24,1
DA:25,1
DA:26,1
DA:27,1
DA:28,1
DA:29,1
DA:30,1
DA:31,1
DA:32,1
DA:33,1
DA:34,1
DA:35,1
DA:36,1
DA:37,1
DA:38,1
DA:39,1
DA:40,1
DA:41,1
DA:42,1
DA:43,1
DA:44,1
DA:45,1
DA:46,1
DA:47,1
DA:48,1
DA:49,1
DA:50,1
DA:51,1
DA:52,1
DA:53,1
DA:54,1
DA:55,1
DA:56,1
DA:57,1
DA:58,1
DA:59,1
DA:60,1
DA:61,1
DA:62,1
DA:63,1
DA:64,1
DA:65,5
DA:66,5
DA:67,4
DA:68,4
DA:69,5
DA:70,0
DA:71,0
DA:72,0
DA:73,0
DA:74,0
DA:75,0
DA:76,0
DA:77,0
DA:78,0
DA:79,1
LF:79
LH:70
BRDA:59,0,0,1
BRDA:60,1,0,1
BRDA:61,2,0,1
BRDA:65,3,0,5
BRDA:66,4,0,1
BRDA:66,5,0,4
BRDA:69,6,0,0
BRDA:8,7,0,11
BRDA:8,8,0,2
BRDA:11,9,0,11
BRDA:11,10,0,2
BRDA:35,11,0,0
BRDA:20,12,0,2
BRDA:20,13,0,24
BRDA:21,14,0,0
BRDA:21,15,0,13
BRDA:21,16,0,13
BRDA:28,17,0,0
BRDA:29,18,0,13
BRDA:22,19,0,1
BRF:20
BRH:16
end_of_record
TN:
SF:src\components\ParticipantCard.vue
FN:128,EMPTY
FN:137,__vite_ssr_import_0__.watch.form.value.p
FN:141,handlePrint
FN:13,__vite_ssr_import_4__.createElementBlock.__vite_ssr_import_4__.createElementVNode.__vite_ssr_import_4__.createElementVNode.__vite_ssr_import_4__.withDirectives.__vite_ssr_import_4__.createElementVNode.onUpdate:modelValue._cache.<computed>._cache.<computed>
FN:19,__vite_ssr_import_4__.createElementBlock.__vite_ssr_import_4__.createElementVNode.__vite_ssr_import_4__.createElementVNode.__vite_ssr_import_4__.withDirectives.__vite_ssr_import_4__.createElementVNode.onUpdate:modelValue._cache.<computed>._cache.<computed>
FN:25,__vite_ssr_import_4__.createElementBlock.__vite_ssr_import_4__.createElementVNode.__vite_ssr_import_4__.withDirectives.__vite_ssr_import_4__.createElementVNode.onUpdate:modelValue._cache.<computed>._cache.<computed>
FN:34,__vite_ssr_import_4__.createElementBlock.__vite_ssr_import_4__.createElementVNode.__vite_ssr_import_4__.withDirectives.__vite_ssr_import_4__.createElementVNode.onUpdate:modelValue._cache.<computed>._cache.<computed>
FN:38,__vite_ssr_import_4__.createElementBlock.__vite_ssr_import_4__.createElementVNode.__vite_ssr_import_4__.withDirectives.__vite_ssr_import_4__.createElementVNode.onUpdate:modelValue._cache.<computed>._cache.<computed>
FN:43,__vite_ssr_import_4__.createElementBlock.__vite_ssr_import_4__.createElementVNode.__vite_ssr_import_4__.withDirectives.__vite_ssr_import_4__.createElementVNode.onUpdate:modelValue._cache.<computed>._cache.<computed>
FN:51,__vite_ssr_import_4__.createElementBlock.__vite_ssr_import_4__.createElementVNode.__vite_ssr_import_4__.withDirectives.__vite_ssr_import_4__.createElementVNode.onUpdate:modelValue._cache.<computed>._cache.<computed>
FN:59,__vite_ssr_import_4__.createElementBlock.__vite_ssr_import_4__.createElementVNode.__vite_ssr_import_4__.withDirectives.__vite_ssr_import_4__.createElementVNode.onUpdate:modelValue._cache.<computed>._cache.<computed>
FN:64,__vite_ssr_import_4__.createElementBlock.__vite_ssr_import_4__.createElementBlock.__vite_ssr_import_4__.withDirectives.__vite_ssr_import_4__.createElementVNode.onUpdate:modelValue._cache.<computed>._cache.<computed>
FN:75,__vite_ssr_import_4__.createElementBlock.__vite_ssr_import_4__.createElementVNode.__vite_ssr_import_4__.createElementVNode.__vite_ssr_import_4__.withDirectives.__vite_ssr_import_4__.createElementVNode.onUpdate:modelValue._cache.<computed>._cache.<computed>
FN:80,__vite_ssr_import_4__.createElementBlock.__vite_ssr_import_4__.createElementVNode.__vite_ssr_import_4__.createElementVNode.__vite_ssr_import_4__.withDirectives.__vite_ssr_import_4__.createElementVNode.onUpdate:modelValue._cache.<computed>._cache.<computed>
FN:108,__vite_ssr_import_4__.createElementBlock.__vite_ssr_import_4__.createElementVNode.__vite_ssr_import_4__.createElementVNode.onClick._cache.<computed>._cache.<computed>
FN:109,__vite_ssr_import_4__.createElementBlock.__vite_ssr_import_4__.createElementVNode.__vite_ssr_import_4__.createElementVNode.onClick._cache.<computed>._cache.<computed>
FNF:16
FNH:4
FNDA:7,EMPTY
FNDA:17,__vite_ssr_import_0__.watch.form.value.p
FNDA:0,handlePrint
FNDA:0,__vite_ssr_import_4__.createElementBlock.__vite_ssr_import_4__.createElementVNode.__vite_ssr_import_4__.createElementVNode.__vite_ssr_import_4__.withDirectives.__vite_ssr_import_4__.createElementVNode.onUpdate:modelValue._cache.<computed>._cache.<computed>
FNDA:0,__vite_ssr_import_4__.createElementBlock.__vite_ssr_import_4__.createElementVNode.__vite_ssr_import_4__.createElementVNode.__vite_ssr_import_4__.withDirectives.__vite_ssr_import_4__.createElementVNode.onUpdate:modelValue._cache.<computed>._cache.<computed>
FNDA:0,__vite_ssr_import_4__.createElementBlock.__vite_ssr_import_4__.createElementVNode.__vite_ssr_import_4__.withDirectives.__vite_ssr_import_4__.createElementVNode.onUpdate:modelValue._cache.<computed>._cache.<computed>
FNDA:0,__vite_ssr_import_4__.createElementBlock.__vite_ssr_import_4__.createElementVNode.__vite_ssr_import_4__.withDirectives.__vite_ssr_import_4__.createElementVNode.onUpdate:modelValue._cache.<computed>._cache.<computed>
FNDA:0,__vite_ssr_import_4__.createElementBlock.__vite_ssr_import_4__.createElementVNode.__vite_ssr_import_4__.withDirectives.__vite_ssr_import_4__.createElementVNode.onUpdate:modelValue._cache.<computed>._cache.<computed>
FNDA:0,__vite_ssr_import_4__.createElementBlock.__vite_ssr_import_4__.createElementVNode.__vite_ssr_import_4__.withDirectives.__vite_ssr_import_4__.createElementVNode.onUpdate:modelValue._cache.<computed>._cache.<computed>
FNDA:0,__vite_ssr_import_4__.createElementBlock.__vite_ssr_import_4__.createElementVNode.__vite_ssr_import_4__.withDirectives.__vite_ssr_import_4__.createElementVNode.onUpdate:modelValue._cache.<computed>._cache.<computed>
FNDA:0,__vite_ssr_import_4__.createElementBlock.__vite_ssr_import_4__.createElementVNode.__vite_ssr_import_4__.withDirectives.__vite_ssr_import_4__.createElementVNode.onUpdate:modelValue._cache.<computed>._cache.<computed>
FNDA:0,__vite_ssr_import_4__.createElementBlock.__vite_ssr_import_4__.createElementBlock.__vite_ssr_import_4__.withDirectives.__vite_ssr_import_4__.createElementVNode.onUpdate:modelValue._cache.<computed>._cache.<computed>
FNDA:0,__vite_ssr_import_4__.createElementBlock.__vite_ssr_import_4__.createElementVNode.__vite_ssr_import_4__.createElementVNode.__vite_ssr_import_4__.withDirectives.__vite_ssr_import_4__.createElementVNode.onUpdate:modelValue._cache.<computed>._cache.<computed>
FNDA:0,__vite_ssr_import_4__.createElementBlock.__vite_ssr_import_4__.createElementVNode.__vite_ssr_import_4__.createElementVNode.__vite_ssr_import_4__.withDirectives.__vite_ssr_import_4__.createElementVNode.onUpdate:modelValue._cache.<computed>._cache.<computed>
FNDA:1,__vite_ssr_import_4__.createElementBlock.__vite_ssr_import_4__.createElementVNode.__vite_ssr_import_4__.createElementVNode.onClick._cache.<computed>._cache.<computed>
FNDA:1,__vite_ssr_import_4__.createElementBlock.__vite_ssr_import_4__.createElementVNode.__vite_ssr_import_4__.createElementVNode.onClick._cache.<computed>._cache.<computed>
DA:1,1
DA:2,1
DA:3,1
DA:4,1
DA:5,1
DA:6,1
DA:7,1
DA:8,1
DA:9,1
DA:10,1
DA:11,1
DA:12,1
DA:13,1
DA:14,1
DA:15,1
DA:16,1
DA:17,1
DA:18,1
DA:19,1
DA:20,1
DA:21,1
DA:22,1
DA:23,1
DA:24,1
DA:25,1
DA:26,1
DA:27,1
DA:28,1
DA:29,1
DA:30,1
DA:31,1
DA:32,1
DA:33,1
DA:34,1
DA:35,1
DA:36,1
DA:37,1
DA:38,1
DA:39,1
DA:40,1
DA:41,1
DA:42,1
DA:43,1
DA:44,1
DA:45,1
DA:46,1
DA:47,1
DA:48,1
DA:49,1
DA:50,1
DA:51,1
DA:52,1
DA:53,1
DA:54,1
DA:55,1
DA:56,1
DA:57,1
DA:58,1
DA:59,1
DA:60,1
DA:61,1
DA:62,1
DA:63,1
DA:64,1
DA:65,1
DA:66,1
DA:67,1
DA:68,1
DA:69,1
DA:70,1
DA:71,1
DA:72,1
DA:73,1
DA:74,1
DA:75,1
DA:76,1
DA:77,1
DA:78,1
DA:79,1
DA:80,1
DA:81,1
DA:82,1
DA:83,1
DA:84,1
DA:85,1
DA:86,1
DA:87,1
DA:88,1
DA:89,1
DA:90,1
DA:91,1
DA:92,8
DA:93,8
DA:94,8
DA:95,8
DA:96,8
DA:97,8
DA:98,1
DA:99,2
DA:100,2
DA:101,2
DA:102,2
DA:103,2
DA:104,1
DA:105,1
DA:106,1
DA:107,1
DA:108,1
DA:109,1
DA:110,1
DA:111,1
DA:112,1
DA:113,1
DA:114,1
DA:115,1
DA:116,1
DA:117,1
DA:118,1
DA:119,1
DA:120,1
DA:121,1
DA:122,1
DA:123,1
DA:124,1
DA:125,1
DA:126,1
DA:127,1
DA:128,1
DA:129,7
DA:130,7
DA:131,7
DA:132,7
DA:133,7
DA:134,1
DA:135,1
DA:136,1
DA:137,1
DA:138,2
DA:139,2
DA:140,1
DA:141,0
DA:142,0
DA:143,0
DA:144,0
DA:145,0
DA:146,1
LF:146
LH:141
BRDA:135,0,0,9
BRDA:135,1,0,6
BRDA:128,2,0,7
BRDA:137,3,0,17
BRDA:137,4,0,2
BRDA:138,5,0,1
BRDA:138,6,0,1
BRDA:4,7,0,10
BRDA:4,8,0,7
BRDA:12,9,0,15
BRDA:13,10,0,15
BRDA:15,11,0,15
BRDA:18,12,0,15
BRDA:19,13,0,15
BRDA:24,14,0,15
BRDA:25,15,0,15
BRDA:33,16,0,15
BRDA:34,17,0,15
BRDA:37,18,0,15
BRDA:38,19,0,15
BRDA:42,20,0,15
BRDA:43,21,0,15
BRDA:44,22,0,15
BRDA:50,23,0,15
BRDA:51,24,0,15
BRDA:52,25,0,15
BRDA:58,26,0,15
BRDA:59,27,0,15
BRDA:63,28,0,9
BRDA:64,29,0,9
BRDA:73,30,0,15
BRDA:75,31,0,15
BRDA:76,32,0,15
BRDA:77,33,0,9
BRDA:80,34,0,15
BRDA:81,35,0,15
BRDA:82,36,0,10
BRDA:85,37,0,9
BRDA:85,38,0,9
BRDA:85,39,0,8
BRDA:86,40,0,9
BRDA:86,41,0,9
BRDA:86,42,0,8
BRDA:92,43,0,10
BRDA:92,44,0,9
BRDA:92,45,0,8
BRDA:91,46,0,8
BRDA:98,47,0,2
BRDA:101,48,0,1
BRDA:101,49,0,1
BRDA:101,50,0,0
BRDA:103,51,0,1
BRDA:103,52,0,1
BRDA:103,53,0,0
BRDA:106,54,0,1
BRDA:108,55,0,15
BRDA:109,56,0,15
BRDA:45,57,0,0
BRDA:108,58,0,1
BRDA:109,59,0,1
BRF:60
BRH:57
end_of_record
TN:
SF:src\components\StatusBadge.vue
FNF:0
FNH:0
DA:1,1
DA:2,1
DA:3,1
DA:4,1
DA:5,1
DA:6,1
DA:7,1
DA:8,1
DA:9,1
DA:10,1
DA:11,1
DA:12,1
DA:13,1
DA:14,1
DA:15,1
DA:16,1
DA:17,1
DA:18,1
DA:19,1
DA:20,1
DA:21,1
DA:22,1
DA:23,1
DA:24,1
DA:25,1
DA:26,1
DA:27,1
DA:28,1
DA:29,1
DA:30,1
DA:31,1
DA:32,1
DA:33,1
DA:34,1
DA:35,1
DA:36,1
DA:37,1
DA:38,1
DA:39,1
DA:40,1
DA:41,1
DA:42,1
DA:43,1
DA:44,1
DA:45,1
DA:46,1
DA:47,1
DA:48,1
DA:49,1
DA:50,1
DA:51,1
DA:52,1
DA:53,1
DA:54,1
LF:54
LH:54
BRDA:51,0,0,17
BRDA:51,1,0,1
BRDA:51,2,0,16
BRDA:52,3,0,17
BRDA:52,4,0,2
BRDA:53,5,0,16
BRDA:53,6,0,2
BRF:7
BRH:7
end_of_record
TN:
SF:src\components\StatusBar.vue
FN:33,update
FNF:1
FNH:1
FNDA:10,update
DA:1,1
DA:2,1
DA:3,1
DA:4,1
DA:5,1
DA:6,1
DA:7,1
DA:8,1
DA:9,2
DA:10,1
DA:11,1
DA:12,1
DA:13,1
DA:14,1
DA:15,1
DA:16,1
DA:17,1
DA:18,1
DA:19,1
DA:20,1
DA:21,1
DA:22,1
DA:23,1
DA:24,1
DA:25,1
DA:26,1
DA:27,1
DA:28,1
DA:29,1
DA:30,1
DA:31,1
DA:32,1
DA:33,10
DA:34,1
DA:35,7
DA:36,7
DA:37,7
DA:38,1
DA:39,1
DA:40,1
DA:41,1
DA:42,1
LF:42
LH:42
BRDA:33,0,0,10
BRDA:34,1,0,7
BRDA:38,2,0,1
BRDA:5,3,0,9
BRDA:5,4,0,5
BRDA:6,5,0,9
BRDA:6,6,0,5
BRDA:8,7,0,2
BRF:8
BRH:8
end_of_record
TN:
SF:src\components\TimeDisplay.vue
FNF:0
FNH:0
DA:1,1
DA:2,1
DA:3,1
DA:4,1
DA:5,1
DA:6,1
DA:7,1
DA:8,1
DA:9,1
DA:10,1
DA:11,1
DA:12,1
DA:13,1
DA:14,1
DA:15,1
DA:16,13
DA:17,13
DA:18,13
DA:19,13
DA:20,13
DA:21,13
DA:22,13
DA:23,13
DA:24,13
DA:25,1
LF:25
LH:25
BRDA:15,0,0,13
BRDA:17,1,0,2
BRDA:18,2,0,1
BRDA:19,3,0,1
BRDA:20,4,0,1
BRDA:21,5,0,3
BRDA:22,6,0,5
BRF:7
BRH:7
end_of_record
TN:
SF:src\composables\useNetworkStatus.js
FN:3,useNetworkStatus
FN:6,update
FNF:2
FNH:2
FNDA:5,useNetworkStatus
FNDA:2,update
DA:1,1
DA:2,1
DA:3,1
DA:4,5
DA:5,5
DA:6,5
DA:7,5
DA:8,5
DA:9,5
DA:10,5
DA:11,5
DA:12,5
DA:13,5
DA:14,5
DA:15,5
DA:16,5
DA:17,5
DA:18,5
LF:18
LH:18
BRDA:3,0,0,5
BRDA:6,1,0,2
BRDA:8,2,0,5
BRDA:12,3,0,5
BRF:4
BRH:4
end_of_record
TN:
SF:src\composables\useRealtimeUpdate.js
FN:10,useRealtimeUpdate
FN:16,connect
FN:21,ws.onopen
FN:25,ws.onmessage
FN:29,ws.onclose
FN:35,ws.onerror
FNF:6
FNH:5
FNDA:7,useRealtimeUpdate
FNDA:7,connect
FNDA:2,ws.onopen
FNDA:2,ws.onmessage
FNDA:7,ws.onclose
FNDA:0,ws.onerror
DA:1,1
DA:2,1
DA:3,1
DA:4,1
DA:5,1
DA:6,1
DA:7,1
DA:8,1
DA:9,1
DA:10,1
DA:11,7
DA:12,7
DA:13,7
DA:14,7
DA:15,7
DA:16,7
DA:17,7
DA:18,7
DA:19,7
DA:20,7
DA:21,7
DA:22,2
DA:23,2
DA:24,7
DA:25,7
DA:26,2
DA:27,2
DA:28,7
DA:29,7
DA:30,7
DA:31,7
DA:32,7
DA:33,7
DA:34,7
DA:35,7
DA:36,0
DA:37,0
DA:38,7
DA:39,7
DA:40,7
DA:41,7
DA:42,7
DA:43,7
DA:44,7
DA:45,7
DA:46,7
DA:47,7
DA:48,7
DA:49,7
LF:49
LH:47
BRDA:10,0,0,7
BRDA:16,1,0,7
BRDA:17,2,0,0
BRDA:18,3,0,0
BRDA:21,4,0,2
BRDA:25,5,0,2
BRDA:26,6,0,1
BRDA:29,7,0,7
BRDA:32,8,0,1
BRDA:42,9,0,7
BRDA:45,10,0,6
BRF:11
BRH:9
end_of_record
TN:
SF:src\constants\contest.js
FNF:0
FNH:0
DA:1,1
DA:2,1
DA:3,1
DA:4,1
DA:5,1
DA:6,1
DA:7,1
DA:8,1
DA:9,1
DA:10,1
DA:11,1
DA:12,1
DA:13,1
DA:14,1
DA:15,1
DA:16,1
DA:17,1
DA:18,1
LF:18
LH:18
BRF:0
BRH:0
end_of_record
TN:
SF:src\stores\auth.js
FN:12,login
FN:26,logout
FNF:2
FNH:2
FNDA:2,login
FNDA:1,logout
DA:1,1
DA:2,1
DA:3,1
DA:4,1
DA:5,1
DA:6,6
DA:7,6
DA:8,6
DA:9,6
DA:10,6
DA:11,6
DA:12,6
DA:13,2
DA:14,2
DA:15,2
DA:16,2
DA:17,2
DA:18,2
DA:19,2
DA:20,2
DA:21,2
DA:22,2
DA:23,2
DA:24,2
DA:25,6
DA:26,6
DA:27,1
DA:28,1
DA:29,1
DA:30,1
DA:31,1
DA:32,6
DA:33,6
DA:34,6
LF:34
LH:34
BRDA:5,0,0,6
BRDA:6,1,0,5
BRDA:7,2,0,5
BRDA:9,3,0,4
BRDA:10,4,0,4
BRDA:10,5,0,2
BRDA:10,6,0,2
BRDA:12,7,0,2
BRDA:26,8,0,1
BRF:9
BRH:9
end_of_record
TN:
SF:src\stores\event.js
FN:13,loadEvents
FN:22,selectEvent
FN:29,loadReglements
FN:34,loadClubs
FNF:4
FNH:4
FNDA:3,loadEvents
FNDA:4,selectEvent
FNDA:1,loadReglements
FNDA:1,loadClubs
DA:1,1
DA:2,1
DA:3,1
DA:4,1
DA:5,1
DA:6,15
DA:7,15
DA:8,15
DA:9,15
DA:10,15
DA:11,15
DA:12,15
DA:13,15
DA:14,3
DA:15,3
DA:16,3
DA:17,2
DA:18,2
DA:19,2
DA:20,3
DA:21,15
DA:22,15
DA:23,4
DA:24,4
DA:25,4
DA:26,4
DA:27,4
DA:28,15
DA:29,15
DA:30,1
DA:31,1
DA:32,1
DA:33,15
DA:34,15
DA:35,1
DA:36,1
DA:37,1
DA:38,15
DA:39,15
DA:40,15
DA:41,15
DA:42,15
DA:43,15
LF:43
LH:43
BRDA:5,0,0,15
BRDA:13,1,0,3
BRDA:16,2,0,2
BRDA:17,3,0,1
BRDA:17,4,0,2
BRDA:22,5,0,4
BRDA:26,6,0,2
BRDA:29,7,0,1
BRDA:34,8,0,1
BRF:9
BRH:9
end_of_record
TN:
SF:src\utils\format.js
FN:1,fmtRace
FN:2,fmtTrain
FN:3,fmtPenalty
FN:4,fmtDelta
FN:5,fmtDeltaTrain
FN:7,fmtDownhill
FNF:6
FNH:6
FNDA:9,fmtRace
FNDA:5,fmtTrain
FNDA:3,fmtPenalty
FNDA:3,fmtDelta
FNDA:2,fmtDeltaTrain
FNDA:9,fmtDownhill
DA:1,1
DA:2,1
DA:3,1
DA:4,1
DA:5,1
DA:6,1
DA:7,1
DA:8,9
DA:9,6
DA:10,6
DA:11,9
DA:12,9
LF:12
LH:12
BRDA:1,0,0,9
BRDA:1,1,0,6
BRDA:1,2,0,3
BRDA:2,3,0,5
BRDA:2,4,0,3
BRDA:2,5,0,2
BRDA:3,6,0,3
BRDA:4,7,0,3
BRDA:5,8,0,2
BRDA:7,9,0,9
BRDA:8,10,0,3
BRDA:8,11,0,6
BRDA:11,12,0,4
BRDA:11,13,0,2
BRF:14
BRH:14
end_of_record
TN:
SF:src\utils\print.js
FN:1,esc
FN:4,fmtDate
FN:10,printOpen
FNF:3
FNH:3
FNDA:11,esc
FNDA:5,fmtDate
FNDA:5,printOpen
DA:1,1
DA:2,11
DA:3,1
DA:4,1
DA:5,5
DA:6,2
DA:7,2
DA:8,2
DA:9,1
DA:10,1
DA:11,5
DA:12,5
DA:13,4
DA:14,4
DA:15,4
DA:16,4
DA:17,4
DA:18,4
DA:19,4
DA:20,4
DA:21,4
DA:22,4
DA:23,4
DA:24,4
DA:25,4
DA:26,4
DA:27,4
DA:28,4
DA:29,4
DA:30,4
DA:31,4
DA:32,4
DA:33,4
DA:34,4
DA:35,4
DA:36,4
DA:37,4
DA:38,4
DA:39,4
DA:40,4
DA:41,4
DA:42,4
DA:43,4
LF:43
LH:43
BRDA:1,0,0,11
BRDA:2,1,0,2
BRDA:4,2,0,5
BRDA:5,3,0,3
BRDA:5,4,0,2
BRDA:10,5,0,5
BRDA:12,6,0,1
BRDA:12,7,0,4
BRDA:42,8,0,1
BRF:9
BRH:9
end_of_record
